Wordle: cable
User_Input: table	hello	cable	
 GAME STATISTICS 
Number of games played 1 
Win percentage  100.00 
Guessed in 1st attempt: 0 
Guessed in 2nd attempt: 0 
Guessed in 3rd attempt: 1 
Guessed in 4th attempt: 0 
Guessed in 5th attempt: 0 
Guessed in 6th attempt: 0 
Wordle: spent
User_Input: hello	spent	
GAME STATISTICS 
Number of games played 1 
Win percentage  100.00 
Guessed in 1st attempt: 0 
Guessed in 2nd attempt: 1 
Guessed in 3rd attempt: 0 
Guessed in 4th attempt: 0 
Guessed in 5th attempt: 0 
Guessed in 6th attempt: 0 
Wordle: crack
User_Input: hello	crack	
GAME STATISTICS 
Number of games played 1 
Win percentage  100.00 
Guessed in 1st attempt: 0 
Guessed in 2nd attempt: 1 
Guessed in 3rd attempt: 0 
Guessed in 4th attempt: 0 
Guessed in 5th attempt: 0 
Guessed in 6th attempt: 0 
